Lunch with colleagues|sad|sad|2025-03-18 14:30:03
Lunch with colleagues|sad|sad|2025-03-18 14:30:12
Lunch with colleagues|jkj|jkj|2025-03-18 16:34:41
bupt lunch|Fitness|Fitness|2025-03-18 22:57:20
Electric bill|Food|Food|2025-03-19 20:32:40
Electric bill|Food|Food|2025-03-19 20:32:40
Test transaction|TestCategory|null|2025-05-23 05:10:01
Starbucks coffee|Food|null|2025-05-23 05:10:09
Test transaction|TestCategory|null|2025-05-23 05:11:57
Starbucks coffee|Food|null|2025-05-23 05:12:05
Test transaction|TestCategory|null|2025-05-23 18:22:22
Starbucks coffee|Food|null|2025-05-23 18:22:30
Test transaction|TestCategory|null|2025-05-23 18:24:07
Starbucks coffee|Food|null|2025-05-23 18:24:15
Test transaction|TestCategory|null|2025-05-23 18:27:37
Starbucks coffee|Food|null|2025-05-23 18:27:44
Test transaction|TestCategory|null|2025-05-23 18:29:35
Starbucks coffee|Food|null|2025-05-23 18:29:43
Test transaction|TestCategory|null|2025-05-23 18:30:38
Starbucks coffee|Food|null|2025-05-23 18:30:46
